<?xml version="1.0" encoding="UTF-8"?>
<!-- Generated by org.testng.reporters.JUnitReportReporter -->
<testsuite hostname="LAPTOP-RROK55OS" failures="0" tests="1" name="Tabs" time="2.185" errors="0" timestamp="25 Dec 2019 09:10:05 GMT" skipped="0">
  <testcase classname="Tabs" name="openTab" time="2.185"/>
</testsuite> <!-- Tabs -->
