<?xml version="1.0" encoding="UTF-8"?>
<!-- Generated by org.testng.reporters.JUnitReportReporter -->
<testsuite hostname="LAPTOP-RROK55OS" failures="0" tests="1" name="TabDemo1" time="12.360" errors="0" timestamp="25 Dec 2019 09:05:35 GMT" skipped="0">
  <testcase classname="TabDemo1" name="openSameUrlInMultipleTab" time="12.360"/>
</testsuite> <!-- TabDemo1 -->
